▶ TayBoard TOP 100 · 2025-09-17  week=2025-09-11→2025-09-17  prev=2025-09-10
  discography    : 529 tracks indexed
  streams        : 420 songs · 7/7 days covered
  spotify_charts : 21 rows
  top100         : 100 entries ranked (407 candidates)
  apple_global   : 0 rows
  apple_ts       : 0 rows
  history        : 36 prior weeks loaded
  streams        : 420 songs · 7/7 days covered
  spotify_charts : 21 rows
  top100         : 100 entries ranked (407 candidates)
✔ CSV  → swift_top_100_history.csv (3700 rows)
✔ JSON → swift_top_100_2025-09-17.json
✔ JSON → swift_top_100.json (latest)
✔ IDX  → swift_top_100_index.json (68 dates)
✔ songs          → 169 history files
✔ PNG  → swift_top_100_1.png
✔ PNG  → swift_top_100_2.png
✔ PNG  → swift_top_100_3.png
✔ PNG  → swift_top_100_4.png
  r2             : uploading...
✔ r2             : upload complete