▶ TayBoard TOP 100 · 2025-03-26  week=2025-03-20→2025-03-26  prev=2025-03-19
  discography    : 529 tracks indexed
  streams        : 410 songs · 7/7 days covered
  spotify_charts : 7 rows
  top100         : 100 entries ranked (407 candidates)
  apple_global   : 0 rows
  apple_ts       : 0 rows
  history        : 11 prior weeks loaded
  streams        : 410 songs · 7/7 days covered
  spotify_charts : 7 rows
  top100         : 100 entries ranked (407 candidates)
✔ CSV  → swift_top_100_history.csv (1200 rows)
✔ JSON → swift_top_100_2025-03-26.json
✔ JSON → swift_top_100.json (latest)
✔ IDX  → swift_top_100_index.json (68 dates)
✔ songs          → 169 history files
✔ PNG  → swift_top_100_1.png
✔ PNG  → swift_top_100_2.png
✔ PNG  → swift_top_100_3.png
✔ PNG  → swift_top_100_4.png
  r2             : uploading...
✔ r2             : upload complete