[swift_top_100] Starting
[swift_top_100] chart_date=2026-04-23 week_start=2026-04-17
[swift_top_100] prev_week_end=2026-04-16
[swift_top_100] Discography tracks indexed: 529
[swift_top_100] Streams rows per date: 2026-04-17:529, 2026-04-18:529, 2026-04-19:529, 2026-04-20:529, 2026-04-21:529, 2026-04-22:529, 2026-04-23:529
[swift_top_100] Global charts rows in window: 14
[swift_top_100] Built chart week_end=2026-04-23: 100 entries (candidates=529)
[swift_top_100] Apple Music Global rows in window: 14
[swift_top_100] Apple Music TS Top Songs rows in window: 1400
[swift_top_100] Streams rows per date: 2026-04-10:529, 2026-04-11:529, 2026-04-12:529, 2026-04-13:529, 2026-04-14:529, 2026-04-15:529, 2026-04-16:529
[swift_top_100] Global charts rows in window: 16
[swift_top_100] Built chart week_end=2026-04-16: 100 entries (candidates=529)
[swift_top_100] Wrote history CSV: C:\Users\sfara\Documents\GitHub\tsm-backend\db\swift_top_100_history.csv (500 rows)
[swift_top_100] Wrote snapshot JSON: C:\Users\sfara\Documents\GitHub\tsm-backend\website\site\data\swift_top_100_2026-04-23.json
[swift_top_100] Wrote latest JSON: C:\Users\sfara\Documents\GitHub\tsm-backend\website\site\data\swift_top_100.json
[swift_top_100] Wrote chart image: C:\Users\sfara\Documents\GitHub\tsm-backend\website\site\data\swift_top_100_1.png
[swift_top_100] Wrote chart image: C:\Users\sfara\Documents\GitHub\tsm-backend\website\site\data\swift_top_100_2.png
[swift_top_100] Wrote chart image: C:\Users\sfara\Documents\GitHub\tsm-backend\website\site\data\swift_top_100_3.png
[swift_top_100] Wrote chart image: C:\Users\sfara\Documents\GitHub\tsm-backend\website\site\data\swift_top_100_4.png
[swift_top_100] Copied image to: C:\Users\sfara\Documents\GitHub\tsm-backend\collectors\billboard\history\2026-04-23\swift_top_100_1.png
[swift_top_100] Copied image to: C:\Users\sfara\Documents\GitHub\tsm-backend\collectors\billboard\history\2026-04-23\swift_top_100_2.png
[swift_top_100] Copied image to: C:\Users\sfara\Documents\GitHub\tsm-backend\collectors\billboard\history\2026-04-23\swift_top_100_3.png
[swift_top_100] Copied image to: C:\Users\sfara\Documents\GitHub\tsm-backend\collectors\billboard\history\2026-04-23\swift_top_100_4.png
[swift_top_100] Uploading exported data to R2...
[swift_top_100] R2 upload completed