[swift_top_100] Starting
[swift_top_100] chart_date=2025-10-22 week_start=2025-10-16
[swift_top_100] prev_week_end=2025-10-15
[swift_top_100] Discography tracks indexed: 529
[swift_top_100] Streams rows per date: 2025-10-16:375, 2025-10-17:375, 2025-10-18:375, 2025-10-19:375, 2025-10-20:375, 2025-10-21:375, 2025-10-22:375
[swift_top_100] Global charts rows in window: 84
[swift_top_100] Built chart week_end=2025-10-22: 100 entries (candidates=375)
[swift_top_100] Apple Music Global rows in window: 0
[swift_top_100] Apple Music TS Top Songs rows in window: 0
[swift_top_100] Streams rows per date: 2025-10-09:375, 2025-10-10:375, 2025-10-11:375, 2025-10-12:375, 2025-10-13:375, 2025-10-14:375, 2025-10-15:375
[swift_top_100] Global charts rows in window: 86
[swift_top_100] Built chart week_end=2025-10-15: 100 entries (candidates=375)
[swift_top_100] Wrote history CSV: C:\Users\sfara\Documents\GitHub\tsm-backend\db\swift_top_100_history.csv (7100 rows)
[swift_top_100] Wrote snapshot JSON: C:\Users\sfara\Documents\GitHub\tsm-backend\website\site\data\swift_top_100_2025-10-22.json
[swift_top_100] Wrote latest JSON: C:\Users\sfara\Documents\GitHub\tsm-backend\website\site\data\swift_top_100.json
[swift_top_100] Wrote snapshot index: C:\Users\sfara\Documents\GitHub\tsm-backend\website\site\data\swift_top_100_index.json (69 entries)
[swift_top_100] Generated 185 song history files in C:\Users\sfara\Documents\GitHub\tsm-backend\website\site\data\swift_top_100_songs
[swift_top_100] Wrote chart image: C:\Users\sfara\Documents\GitHub\tsm-backend\website\site\data\swift_top_100_1.png
[swift_top_100] Wrote chart image: C:\Users\sfara\Documents\GitHub\tsm-backend\website\site\data\swift_top_100_2.png
[swift_top_100] Wrote chart image: C:\Users\sfara\Documents\GitHub\tsm-backend\website\site\data\swift_top_100_3.png
[swift_top_100] Wrote chart image: C:\Users\sfara\Documents\GitHub\tsm-backend\website\site\data\swift_top_100_4.png
[swift_top_100] Copied image to: C:\Users\sfara\Documents\GitHub\tsm-backend\collectors\billboard\history\2025-10-22\swift_top_100_1.png
[swift_top_100] Copied image to: C:\Users\sfara\Documents\GitHub\tsm-backend\collectors\billboard\history\2025-10-22\swift_top_100_2.png
[swift_top_100] Copied image to: C:\Users\sfara\Documents\GitHub\tsm-backend\collectors\billboard\history\2025-10-22\swift_top_100_3.png
[swift_top_100] Copied image to: C:\Users\sfara\Documents\GitHub\tsm-backend\collectors\billboard\history\2025-10-22\swift_top_100_4.png
[swift_top_100] Uploading exported data to R2...
[swift_top_100] R2 upload completed