▶ TayBoard TOP 100 · 2025-02-19  week=2025-02-13→2025-02-19  prev=2025-02-12
  discography    : 529 tracks indexed
  streams        : 410 songs · 7/7 days covered
  spotify_charts : 8 rows
  top100         : 100 entries ranked (407 candidates)
  apple_global   : 0 rows
  apple_ts       : 0 rows
  history        : 6 prior weeks loaded
  streams        : 410 songs · 7/7 days covered
  spotify_charts : 7 rows
  top100         : 100 entries ranked (407 candidates)
✔ CSV  → swift_top_100_history.csv (700 rows)
✔ JSON → swift_top_100_2025-02-19.json
✔ JSON → swift_top_100.json (latest)
✔ IDX  → swift_top_100_index.json (68 dates)
✔ songs          → 169 history files
✔ PNG  → swift_top_100_1.png
✔ PNG  → swift_top_100_2.png
✔ PNG  → swift_top_100_3.png
✔ PNG  → swift_top_100_4.png
  r2             : uploading...
✔ r2             : upload complete