▶ TayBoard TOP 100 · 2026-02-18  week=2026-02-12→2026-02-18  prev=2026-02-11
  discography    : 529 tracks indexed
  streams        : 414 songs · 7/7 days covered
  spotify_charts : 26 rows
  top100         : 100 entries ranked (412 candidates)
  apple_global   : 0 rows
  apple_ts       : 0 rows
  history        : 58 prior weeks loaded
  streams        : 414 songs · 7/7 days covered
  spotify_charts : 24 rows
  top100         : 100 entries ranked (412 candidates)
✔ CSV  → swift_top_100_history.csv (5900 rows)
✔ JSON → swift_top_100_2026-02-18.json
✔ JSON → swift_top_100.json (latest)
✔ IDX  → swift_top_100_index.json (68 dates)
✔ songs          → 169 history files
✔ PNG  → swift_top_100_1.png
✔ PNG  → swift_top_100_2.png
✔ PNG  → swift_top_100_3.png
✔ PNG  → swift_top_100_4.png
  r2             : uploading...
✔ r2             : upload complete