▶ TayBoard TOP 100 · 2026-03-04  week=2026-02-26→2026-03-04  prev=2026-02-25
  discography    : 529 tracks indexed
  streams        : 418 songs · 7/7 days covered
  spotify_charts : 20 rows
  top100         : 100 entries ranked (416 candidates)
  apple_global   : 0 rows
  apple_ts       : 0 rows
  history        : 60 prior weeks loaded
  streams        : 418 songs · 7/7 days covered
  spotify_charts : 18 rows
  top100         : 100 entries ranked (416 candidates)
✔ CSV  → swift_top_100_history.csv (6100 rows)
✔ JSON → swift_top_100_2026-03-04.json
✔ JSON → swift_top_100.json (latest)
✔ IDX  → swift_top_100_index.json (68 dates)
✔ songs          → 169 history files
✔ PNG  → swift_top_100_1.png
✔ PNG  → swift_top_100_2.png
✔ PNG  → swift_top_100_3.png
✔ PNG  → swift_top_100_4.png
  r2             : uploading...
✔ r2             : upload complete