▶ TayBoard TOP 100 · 2026-01-07  week=2026-01-01→2026-01-07  prev=2025-12-31
  discography    : 529 tracks indexed
  streams        : 414 songs · 7/7 days covered
  spotify_charts : 20 rows
  top100         : 100 entries ranked (412 candidates)
  apple_global   : 0 rows
  apple_ts       : 0 rows
  history        : 51 prior weeks loaded
  streams        : 435 songs · 7/7 days covered
  spotify_charts : 20 rows
  top100         : 100 entries ranked (432 candidates)
✔ CSV  → swift_top_100_history.csv (5200 rows)
✔ JSON → swift_top_100_2026-01-07.json
✔ JSON → swift_top_100.json (latest)
✔ IDX  → swift_top_100_index.json (69 dates)
✔ songs          → 169 history files
✔ PNG  → swift_top_100_1.png
✔ PNG  → swift_top_100_2.png
✔ PNG  → swift_top_100_3.png
✔ PNG  → swift_top_100_4.png
  r2             : uploading...
✔ r2             : upload complete