▶ TayBoard TOP 100 · 2025-11-05  week=2025-10-30→2025-11-05  prev=2025-10-29
  discography    : 529 tracks indexed
  streams        : 433 songs · 7/7 days covered
  spotify_charts : 84 rows
  top100         : 100 entries ranked (430 candidates)
  apple_global   : 0 rows
  apple_ts       : 0 rows
  history        : 42 prior weeks loaded
  streams        : 433 songs · 7/7 days covered
  spotify_charts : 84 rows
  top100         : 100 entries ranked (430 candidates)
✔ CSV  → swift_top_100_history.csv (4300 rows)
✔ JSON → swift_top_100_2025-11-05.json
✔ JSON → swift_top_100.json (latest)
✔ IDX  → swift_top_100_index.json (69 dates)
✔ songs          → 169 history files
✔ PNG  → swift_top_100_1.png
✔ PNG  → swift_top_100_2.png
✔ PNG  → swift_top_100_3.png
✔ PNG  → swift_top_100_4.png
  r2             : uploading...
✔ r2             : upload complete