[swift_top_100] Starting
[swift_top_100] chart_date=2025-10-08 week_start=2025-10-02
[swift_top_100] prev_week_end=2025-10-01
[swift_top_100] Discography tracks indexed: 529
[swift_top_100] Streams rows per date: 2025-10-02:363, 2025-10-03:363, 2025-10-04:363, 2025-10-05:363, 2025-10-06:375, 2025-10-07:375, 2025-10-08:375
[swift_top_100] Global charts rows in window: 89
[swift_top_100] Built chart week_end=2025-10-08: 100 entries (candidates=375)
[swift_top_100] Apple Music Global rows in window: 0
[swift_top_100] Apple Music TS Top Songs rows in window: 0
[swift_top_100] Streams rows per date: 2025-09-25:362, 2025-09-26:362, 2025-09-27:362, 2025-09-28:362, 2025-09-29:362, 2025-09-30:362, 2025-10-01:362
[swift_top_100] Global charts rows in window: 19
[swift_top_100] Built chart week_end=2025-10-01: 100 entries (candidates=351)
[swift_top_100] Wrote history CSV: C:\Users\sfara\Documents\GitHub\tsm-backend\db\swift_top_100_history.csv (7100 rows)
[swift_top_100] Wrote snapshot JSON: C:\Users\sfara\Documents\GitHub\tsm-backend\website\site\data\swift_top_100_2025-10-08.json
[swift_top_100] Wrote latest JSON: C:\Users\sfara\Documents\GitHub\tsm-backend\website\site\data\swift_top_100.json
[swift_top_100] Wrote snapshot index: C:\Users\sfara\Documents\GitHub\tsm-backend\website\site\data\swift_top_100_index.json (69 entries)
[swift_top_100] Generated 185 song history files in C:\Users\sfara\Documents\GitHub\tsm-backend\website\site\data\swift_top_100_songs
[swift_top_100] Wrote chart image: C:\Users\sfara\Documents\GitHub\tsm-backend\website\site\data\swift_top_100_1.png
[swift_top_100] Wrote chart image: C:\Users\sfara\Documents\GitHub\tsm-backend\website\site\data\swift_top_100_2.png
[swift_top_100] Wrote chart image: C:\Users\sfara\Documents\GitHub\tsm-backend\website\site\data\swift_top_100_3.png
[swift_top_100] Wrote chart image: C:\Users\sfara\Documents\GitHub\tsm-backend\website\site\data\swift_top_100_4.png
[swift_top_100] Copied image to: C:\Users\sfara\Documents\GitHub\tsm-backend\collectors\billboard\history\2025-10-08\swift_top_100_1.png
[swift_top_100] Copied image to: C:\Users\sfara\Documents\GitHub\tsm-backend\collectors\billboard\history\2025-10-08\swift_top_100_2.png
[swift_top_100] Copied image to: C:\Users\sfara\Documents\GitHub\tsm-backend\collectors\billboard\history\2025-10-08\swift_top_100_3.png
[swift_top_100] Copied image to: C:\Users\sfara\Documents\GitHub\tsm-backend\collectors\billboard\history\2025-10-08\swift_top_100_4.png
[swift_top_100] Uploading exported data to R2...
[swift_top_100] R2 upload completed