▶ TayBoard TOP 100 · 2026-04-08  week=2026-04-02→2026-04-08  prev=2026-04-01
  discography    : 529 tracks indexed
  streams        : 534 songs · 7/7 days covered
  spotify_charts : 22 rows
  top100         : 100 entries ranked (531 candidates)
  apple_global   : 8 rows
  apple_ts       : 700 rows
  history        : 65 prior weeks loaded
  streams        : 534 songs · 7/7 days covered
  spotify_charts : 22 rows
  top100         : 100 entries ranked (531 candidates)
✔ CSV  → swift_top_100_history.csv (6600 rows)
✔ JSON → swift_top_100_2026-04-08.json
✔ JSON → swift_top_100.json (latest)
✔ IDX  → swift_top_100_index.json (68 dates)
✔ songs          → 169 history files
✔ PNG  → swift_top_100_1.png
✔ PNG  → swift_top_100_2.png
✔ PNG  → swift_top_100_3.png
✔ PNG  → swift_top_100_4.png
  r2             : uploading...
✔ r2             : upload complete